ARM GAS  /var/folders/sw/pnvwfpq534b094x1wb62mk6m0000gn/T//cc3b8WxQ.s 			page 1


   1              		.cpu cortex-m4
   2              		.eabi_attribute 27, 1
   3              		.eabi_attribute 28, 1
   4              		.eabi_attribute 20, 1
   5              		.eabi_attribute 21, 1
   6              		.eabi_attribute 23, 3
   7              		.eabi_attribute 24, 1
   8              		.eabi_attribute 25, 1
   9              		.eabi_attribute 26, 1
  10              		.eabi_attribute 30, 2
  11              		.eabi_attribute 34, 1
  12              		.eabi_attribute 18, 4
  13              		.file	"process_position.c"
  14              		.text
  15              	.Ltext0:
  16              		.cfi_sections	.debug_frame
  17              	.Letext0:
  18              		.section	.debug_line,"",%progbits
  19              	.Ldebug_line0:
  20              		.section	.debug_str,"MS",%progbits,1
  21              	.LASF0:
  22 0000 2F557365 		.ascii	"/Users/maximepoffet/Library/Mobile Documents/com~ap"
  22      72732F6D 
  22      6178696D 
  22      65706F66 
  22      6665742F 
  23 0033 706C657E 		.ascii	"ple~CloudDocs/1_MAXIME/8_GITHUB/projet-microinfo/Pr"
  23      436C6F75 
  23      64446F63 
  23      732F315F 
  23      4D415849 
  24 0066 6F6A6563 		.ascii	"oject_Dancer/Dancer/\000"
  24      745F4461 
  24      6E636572 
  24      2F44616E 
  24      6365722F 
  25              	.LASF1:
  26 007b 70726F63 		.ascii	"process_position.c\000"
  26      6573735F 
  26      706F7369 
  26      74696F6E 
  26      2E6300
  27              	.LASF2:
  28 008e 474E5520 		.ascii	"GNU C11 7.2.1 20170904 (release) [ARM/embedded-7-br"
  28      43313120 
  28      372E322E 
  28      31203230 
  28      31373039 
  29 00c1 616E6368 		.ascii	"anch revision 255204] -mcpu=cortex-m4 -mfloat-abi=h"
  29      20726576 
  29      6973696F 
  29      6E203235 
  29      35323034 
  30 00f4 61726420 		.ascii	"ard -mfpu=fpv4-sp-d16 -mno-thumb-interwork -mthumb "
  30      2D6D6670 
  30      753D6670 
  30      76342D73 
ARM GAS  /var/folders/sw/pnvwfpq534b094x1wb62mk6m0000gn/T//cc3b8WxQ.s 			page 2


  30      702D6431 
  31 0127 2D676764 		.ascii	"-ggdb -O2 -fomit-frame-pointer -falign-functions=16"
  31      62202D4F 
  31      32202D66 
  31      6F6D6974 
  31      2D667261 
  32 015a 202D666E 		.ascii	" -fno-strict-aliasing -fstack-protector-all -ffunct"
  32      6F2D7374 
  32      72696374 
  32      2D616C69 
  32      6173696E 
  33 018d 696F6E2D 		.ascii	"ion-sections -fdata-sections -fno-common -fsingle-p"
  33      73656374 
  33      696F6E73 
  33      202D6664 
  33      6174612D 
  34 01c0 72656369 		.ascii	"recision-constant\000"
  34      73696F6E 
  34      2D636F6E 
  34      7374616E 
  34      7400
  35              		.ident	"GCC: (GNU Tools for Arm Embedded Processors 7-2017-q4-major) 7.2.1 20170904 (release) [ARM
ARM GAS  /var/folders/sw/pnvwfpq534b094x1wb62mk6m0000gn/T//cc3b8WxQ.s 			page 3


DEFINED SYMBOLS
                            *ABS*:0000000000000000 process_position.c

NO UNDEFINED SYMBOLS
